\BOOKMARK [1][-]{section.1}{Introduction}{}% 1
\BOOKMARK [2][-]{subsection.1.1}{Aims}{section.1}% 2
\BOOKMARK [2][-]{subsection.1.2}{Background}{section.1}% 3
\BOOKMARK [1][-]{section.2}{Theory}{}% 4
\BOOKMARK [2][-]{subsection.2.1}{Qubits}{section.2}% 5
\BOOKMARK [3][-]{subsubsection.2.1.1}{Generalised bits}{subsection.2.1}% 6
\BOOKMARK [3][-]{subsubsection.2.1.2}{Measurement}{subsection.2.1}% 7
\BOOKMARK [2][-]{subsection.2.2}{Quantum register}{section.2}% 8
\BOOKMARK [2][-]{subsection.2.3}{Quantum gates}{section.2}% 9
\BOOKMARK [3][-]{subsubsection.2.3.1}{Not gate}{subsection.2.3}% 10
\BOOKMARK [3][-]{subsubsection.2.3.2}{Hadamard gate}{subsection.2.3}% 11
\BOOKMARK [3][-]{subsubsection.2.3.3}{Phase gate}{subsection.2.3}% 12
\BOOKMARK [3][-]{subsubsection.2.3.4}{Extension to bigger registers}{subsection.2.3}% 13
\BOOKMARK [3][-]{subsubsection.2.3.5}{Gate representations}{subsection.2.3}% 14
\BOOKMARK [2][-]{subsection.2.4}{Quantum algorithms}{section.2}% 15
\BOOKMARK [3][-]{subsubsection.2.4.1}{Grover's Algorithm}{subsection.2.4}% 16
\BOOKMARK [3][-]{subsubsection.2.4.2}{Shor's Algorithm}{subsection.2.4}% 17
\BOOKMARK [2][-]{subsection.2.5}{Building a quantum computer}{section.2}% 18
\BOOKMARK [1][-]{section.3}{Implementation}{}% 19
\BOOKMARK [2][-]{subsection.3.1}{Project organisation}{section.3}% 20
\BOOKMARK [2][-]{subsection.3.2}{Development environment}{section.3}% 21
\BOOKMARK [2][-]{subsection.3.3}{Program structure}{section.3}% 22
\BOOKMARK [3][-]{subsubsection.3.3.1}{Overview}{subsection.3.3}% 23
\BOOKMARK [3][-]{subsubsection.3.3.2}{Matrix}{subsection.3.3}% 24
\BOOKMARK [3][-]{subsubsection.3.3.3}{The Computer}{subsection.3.3}% 25
\BOOKMARK [3][-]{subsubsection.3.3.4}{Graphics User Interface}{subsection.3.3}% 26
\BOOKMARK [2][-]{subsection.3.4}{Program execution}{section.3}% 27
\BOOKMARK [1][-]{section.4}{Results}{}% 28
\BOOKMARK [2][-]{subsection.4.1}{Grover's Algorithm}{section.4}% 29
\BOOKMARK [2][-]{subsection.4.2}{Shor's Algorithm}{section.4}% 30
\BOOKMARK [1][-]{section.5}{Discussion}{}% 31
\BOOKMARK [2][-]{subsection.5.1}{Matrix or functional representation}{section.5}% 32
\BOOKMARK [2][-]{subsection.5.2}{Improvements and further steps}{section.5}% 33
\BOOKMARK [1][-]{section.6}{Conclusion}{}% 34
\BOOKMARK [1][-]{section.7}{Appendix}{}% 35
\BOOKMARK [1][-]{section*.5}{References}{}% 36
